# JRE version: OpenJDK Runtime Environment (17.0.6) (build 17.0.6+0-b2043.56-10027231)
# Java VM: OpenJDK 64-Bit Server VM (17.0.6+0-b2043.56-10027231, mixed mode, tiered, compressed oops, compressed class ptrs, g1 gc, windows-amd64)
GC Precious Log:
 CPUs: 16 total, 16 available
 Memory: 15791M
 Large Page Support: Disabled
 NUMA Support: Disabled
 Compressed Oops: Enabled (32-bit)
 Heap Region Size: 1M
 Heap Min Capacity: 8M
 Heap Initial Capacity: 248M
 Heap Max Capacity: 2G
 Pre-touch: Disabled
 Parallel Workers: 13
 Concurrent Workers: 3
 Concurrent Refinement Workers: 13
 Periodic GC: Disabled
Heap:
 garbage-first heap   total 346112K, used 286860K [0x0000000080000000, 0x0000000100000000)
  region size 1024K, 4 young (4096K), 1 survivors (1024K)
 Metaspace       used 154906K, committed 157056K, reserved 1187840K
  class space    used 21733K, committed 22592K, reserved 1048576K
GC Heap History (20 events):
Event: 2271.191 GC heap before
{Heap before GC invocations=79 (full 0):
 garbage-first heap   total 346112K, used 286231K [0x0000000080000000, 0x0000000100000000)
  region size 1024K, 56 young (57344K), 8 survivors (8192K)
 Metaspace       used 152426K, committed 153920K, reserved 1187840K
  class space    used 21441K, committed 22144K, reserved 1048576K
}
Event: 2271.200 GC heap after
{Heap after GC invocations=80 (full 0):
 garbage-first heap   total 346112K, used 243784K [0x0000000080000000, 0x0000000100000000)
  region size 1024K, 7 young (7168K), 7 survivors (7168K)
 Metaspace       used 152426K, committed 153920K, reserved 1187840K
  class space    used 21441K, committed 22144K, reserved 1048576K
}
Event: 2347.924 GC heap before
{Heap before GC invocations=80 (full 0):
 garbage-first heap   total 346112K, used 301128K [0x0000000080000000, 0x0000000100000000)
  region size 1024K, 51 young (52224K), 7 survivors (7168K)
 Metaspace       used 152520K, committed 154048K, reserved 1187840K
  class space    used 21442K, committed 22144K, reserved 1048576K
}
Event: 2347.930 GC heap after
{Heap after GC invocations=81 (full 0):
 garbage-first heap   total 346112K, used 248411K [0x0000000080000000, 0x0000000100000000)
  region size 1024K, 5 young (5120K), 5 survivors (5120K)
 Metaspace       used 152520K, committed 154048K, reserved 1187840K
  class space    used 21442K, committed 22144K, reserved 1048576K
}
Event: 2348.526 GC heap before
{Heap before GC invocations=81 (full 0):
 garbage-first heap   total 346112K, used 293467K [0x0000000080000000, 0x0000000100000000)
  region size 1024K, 48 young (49152K), 5 survivors (5120K)
 Metaspace       used 152589K, committed 154112K, reserved 1187840K
  class space    used 21442K, committed 22144K, reserved 1048576K
}
Event: 2348.536 GC heap after
{Heap after GC invocations=82 (full 0):
 garbage-first heap   total 346112K, used 258936K [0x0000000080000000, 0x0000000100000000)
  region size 1024K, 6 young (6144K), 6 survivors (6144K)
 Metaspace       used 152589K, committed 154112K, reserved 1187840K
  class space    used 21442K, committed 22144K, reserved 1048576K
}
Event: 2348.925 GC heap before
{Heap before GC invocations=82 (full 0):
 garbage-first heap   total 346112K, used 293752K [0x0000000080000000, 0x0000000100000000)
  region size 1024K, 40 young (40960K), 6 survivors (6144K)
 Metaspace       used 152600K, committed 154112K, reserved 1187840K
  class space    used 21442K, committed 22144K, reserved 1048576K
}
Event: 2348.933 GC heap after
{Heap after GC invocations=83 (full 0):
 garbage-first heap   total 346112K, used 263101K [0x0000000080000000, 0x0000000100000000)
  region size 1024K, 5 young (5120K), 5 survivors (5120K)
 Metaspace       used 152600K, committed 154112K, reserved 1187840K
  class space    used 21442K, committed 22144K, reserved 1048576K
}
Event: 2416.048 GC heap before
{Heap before GC invocations=83 (full 0):
 garbage-first heap   total 346112K, used 307133K [0x0000000080000000, 0x0000000100000000)
  region size 1024K, 36 young (36864K), 5 survivors (5120K)
 Metaspace       used 152765K, committed 154304K, reserved 1187840K
  class space    used 21443K, committed 22144K, reserved 1048576K
}
Event: 2416.052 GC heap after
{Heap after GC invocations=84 (full 0):
 garbage-first heap   total 346112K, used 264118K [0x0000000080000000, 0x0000000100000000)
  region size 1024K, 1 young (1024K), 1 survivors (1024K)
 Metaspace       used 152765K, committed 154304K, reserved 1187840K
  class space    used 21443K, committed 22144K, reserved 1048576K
}
Event: 2469.012 GC heap before
{Heap before GC invocations=84 (full 0):
 garbage-first heap   total 346112K, used 302006K [0x0000000080000000, 0x0000000100000000)
  region size 1024K, 19 young (19456K), 1 survivors (1024K)
 Metaspace       used 153555K, committed 155136K, reserved 1187840K
  class space    used 21612K, committed 22336K, reserved 1048576K
}
Event: 2469.022 GC heap after
{Heap after GC invocations=85 (full 0):
 garbage-first heap   total 346112K, used 291329K [0x0000000080000000, 0x0000000100000000)
  region size 1024K, 5 young (5120K), 5 survivors (5120K)
 Metaspace       used 153555K, committed 155136K, reserved 1187840K
  class space    used 21612K, committed 22336K, reserved 1048576K
}
Event: 2469.364 GC heap before
{Heap before GC invocations=85 (full 0):
 garbage-first heap   total 346112K, used 307713K [0x0000000080000000, 0x0000000100000000)
  region size 1024K, 16 young (16384K), 5 survivors (5120K)
 Metaspace       used 154166K, committed 155776K, reserved 1187840K
  class space    used 21691K, committed 22400K, reserved 1048576K
}
Event: 2469.368 GC heap after
{Heap after GC invocations=86 (full 0):
 garbage-first heap   total 346112K, used 298366K [0x0000000080000000, 0x0000000100000000)
  region size 1024K, 2 young (2048K), 2 survivors (2048K)
 Metaspace       used 154166K, committed 155776K, reserved 1187840K
  class space    used 21691K, committed 22400K, reserved 1048576K
}
Event: 2469.624 GC heap before
{Heap before GC invocations=86 (full 0):
 garbage-first heap   total 346112K, used 311678K [0x0000000080000000, 0x0000000100000000)
  region size 1024K, 16 young (16384K), 2 survivors (2048K)
 Metaspace       used 154689K, committed 156352K, reserved 1187840K
  class space    used 21773K, committed 22528K, reserved 1048576K
}
Event: 2469.627 GC heap after
{Heap after GC invocations=87 (full 0):
 garbage-first heap   total 346112K, used 300589K [0x0000000080000000, 0x0000000100000000)
  region size 1024K, 2 young (2048K), 2 survivors (2048K)
 Metaspace       used 154689K, committed 156352K, reserved 1187840K
  class space    used 21773K, committed 22528K, reserved 1048576K
}
Event: 2469.770 GC heap before
{Heap before GC invocations=87 (full 0):
 garbage-first heap   total 346112K, used 314925K [0x0000000080000000, 0x0000000100000000)
  region size 1024K, 16 young (16384K), 2 survivors (2048K)
 Metaspace       used 154752K, committed 156416K, reserved 1187840K
  class space    used 21780K, committed 22528K, reserved 1048576K
}
Event: 2469.775 GC heap after
{Heap after GC invocations=88 (full 0):
 garbage-first heap   total 346112K, used 302656K [0x0000000080000000, 0x0000000100000000)
  region size 1024K, 2 young (2048K), 2 survivors (2048K)
 Metaspace       used 154752K, committed 156416K, reserved 1187840K
  class space    used 21780K, committed 22528K, reserved 1048576K
}
Event: 2469.824 GC heap before
{Heap before GC invocations=88 (full 0):
 garbage-first heap   total 346112K, used 303680K [0x0000000080000000, 0x0000000100000000)
  region size 1024K, 4 young (4096K), 2 survivors (2048K)
 Metaspace       used 154866K, committed 156480K, reserved 1187840K
  class space    used 21799K, committed 22528K, reserved 1048576K
}
Event: 2469.828 GC heap after
{Heap after GC invocations=89 (full 0):
 garbage-first heap   total 346112K, used 303244K [0x0000000080000000, 0x0000000100000000)
  region size 1024K, 1 young (1024K), 1 survivors (1024K)
 Metaspace       used 154866K, committed 156480K, reserved 1187840K
  class space    used 21799K, committed 22528K, reserved 1048576K
}

